<?xml version="1.0" encoding="UTF-8"?>
<testsuite xmlns:xsi="http://www.w3.org/2001/XMLSchema-instance" xsi:noNamespaceSchemaLocation="https://maven.apache.org/surefire/maven-surefire-plugin/xsd/surefire-test-report.xsd" name="com.epam.rd.autocode.hashtableopen816.HashtableOpen8to16Test" time="0.16" tests="26" errors="0" skipped="0" failures="0">
  <properties>
[...]
</properties>
  <testcase name="testSimpleFilling{String, int[], String}[1]" classname="com.epam.rd.autocode.hashtableopen816.HashtableOpen8to16Test" time="0.041"/>
  <testcase name="testSimpleFilling{String, int[], String}[2]" classname="com.epam.rd.autocode.hashtableopen816.HashtableOpen8to16Test" time="0.001"/>
  <testcase name="testSimpleFilling{String, int[], String}[3]" classname="com.epam.rd.autocode.hashtableopen816.HashtableOpen8to16Test" time="0.001"/>
  <testcase name="testSimpleFilling{String, int[], String}[4]" classname="com.epam.rd.autocode.hashtableopen816.HashtableOpen8to16Test" time="0.001"/>
  <testcase name="testSimpleFilling{String, int[], String}[5]" classname="com.epam.rd.autocode.hashtableopen816.HashtableOpen8to16Test" time="0.001"/>
  <testcase name="testSimpleFilling{String, int[], String}[6]" classname="com.epam.rd.autocode.hashtableopen816.HashtableOpen8to16Test" time="0.001"/>
  <testcase name="testSimpleFilling{String, int[], String}[7]" classname="com.epam.rd.autocode.hashtableopen816.HashtableOpen8to16Test" time="0.001"/>
  <testcase name="testSimpleFilling{String, int[], String}[8]" classname="com.epam.rd.autocode.hashtableopen816.HashtableOpen8to16Test" time="0"/>
  <testcase name="testFillingAndThenGradualRemove{String, int[], List}[1]" classname="com.epam.rd.autocode.hashtableopen816.HashtableOpen8to16Test" time="0.001"/>
  <testcase name="testFillingAndThenGradualRemove{String, int[], List}[2]" classname="com.epam.rd.autocode.hashtableopen816.HashtableOpen8to16Test" time="0.001"/>
  <testcase name="testFillingAndThenGradualRemove{String, int[], List}[3]" classname="com.epam.rd.autocode.hashtableopen816.HashtableOpen8to16Test" time="0"/>
  <testcase name="testFillingAndThenGradualRemove{String, int[], List}[4]" classname="com.epam.rd.autocode.hashtableopen816.HashtableOpen8to16Test" time="0.001"/>
  <testcase name="testFillingAndThenGradualRemove{String, int[], List}[5]" classname="com.epam.rd.autocode.hashtableopen816.HashtableOpen8to16Test" time="0.002"/>
  <testcase name="testFillingAndThenGradualRemove{String, int[], List}[6]" classname="com.epam.rd.autocode.hashtableopen816.HashtableOpen8to16Test" time="0"/>
  <testcase name="testFillingAndThenGradualRemove{String, int[], List}[7]" classname="com.epam.rd.autocode.hashtableopen816.HashtableOpen8to16Test" time="0"/>
  <testcase name="testFillingAndThenGradualRemove{String, int[], List}[8]" classname="com.epam.rd.autocode.hashtableopen816.HashtableOpen8to16Test" time="0.001"/>
  <testcase name="testOverflow" classname="com.epam.rd.autocode.hashtableopen816.HashtableOpen8to16Test" time="0.002"/>
  <testcase name="testRandomFillAndRefill{String, int[], List}[1]" classname="com.epam.rd.autocode.hashtableopen816.HashtableOpen8to16Test" time="0.002"/>
  <testcase name="testRandomFillAndRefill{String, int[], List}[2]" classname="com.epam.rd.autocode.hashtableopen816.HashtableOpen8to16Test" time="0"/>
  <testcase name="testRandomFillAndRefill{String, int[], List}[3]" classname="com.epam.rd.autocode.hashtableopen816.HashtableOpen8to16Test" time="0"/>
  <testcase name="testRandomFillAndRefill{String, int[], List}[4]" classname="com.epam.rd.autocode.hashtableopen816.HashtableOpen8to16Test" time="0"/>
  <testcase name="testRandomFillAndRefill{String, int[], List}[5]" classname="com.epam.rd.autocode.hashtableopen816.HashtableOpen8to16Test" time="0"/>
  <testcase name="testRandomFillAndRefill{String, int[], List}[6]" classname="com.epam.rd.autocode.hashtableopen816.HashtableOpen8to16Test" time="0.002"/>
  <testcase name="testRandomFillAndRefill{String, int[], List}[7]" classname="com.epam.rd.autocode.hashtableopen816.HashtableOpen8to16Test" time="0"/>
  <testcase name="testRandomFillAndRefill{String, int[], List}[8]" classname="com.epam.rd.autocode.hashtableopen816.HashtableOpen8to16Test" time="0"/>
  <testcase name="testSearch" classname="com.epam.rd.autocode.hashtableopen816.HashtableOpen8to16Test" time="0"/>
</testsuite>